<?xml version="1.0" encoding="UTF-8"?>
<testsuite xmlns:xsi="http://www.w3.org/2001/XMLSchema-instance" xsi:noNamespaceSchemaLocation="https://maven.apache.org/surefire/maven-surefire-plugin/xsd/surefire-test-report-3.0.xsd" version="3.0" name="Tests" time="305.259" tests="5" errors="0" skipped="0" failures="2">
  <properties>
[...]
</properties>
  <testcase name="TC01_testSuccessLogin" classname="Tests" time="3.946">
    <system-out><![CDATA[2023-01-02 17:54:04.682 &amp#27;[32m INFO&amp#27;[m &amp#27;[35m[@534 - main]&amp#27;[m &amp#27;[36mcom.shaft.tools.io.ReportManager&amp#27;[m : 
################################################################################################################################################
Detected SHAFT Engine Version: "SHAFT Engine v6.4.20221215"
################################################################################################################################################
2023-01-02 17:54:07.842 &amp#27;[32m INFO&amp#27;[m &amp#27;[35m[@503 - main]&amp#27;[m &amp#27;[36mcom.shaft.tools.io.ReportManager&amp#27;[m : Loaded OpenCV "opencv_java455".
2023-01-02 17:54:08.408 &amp#27;[32m INFO&amp#27;[m &amp#27;[35m[@534 - main]&amp#27;[m &amp#27;[36mcom.shaft.tools.io.ReportManager&amp#27;[m : 
################################################################################################################################################
Starting Execution of a Configuration (Setup or Teardown) Method
Test Method:		"com.shaft.tools.listeners.LogsHelper.setupActivities"
################################################################################################################################################
2023-01-02 17:54:08.458 &amp#27;[32m INFO&amp#27;[m &amp#27;[35m[@503 - main]&amp#27;[m &amp#27;[36mcom.shaft.tools.io.ReportManager&amp#27;[m : Initializing Allure Reporting Environment...
2023-01-02 17:54:08.996 &amp#27;[32m INFO&amp#27;[m &amp#27;[35m[@503 - main]&amp#27;[m &amp#27;[36mcom.shaft.tools.io.ReportManager&amp#27;[m : Initializing Extent Reporting Environment...
2023-01-02 17:54:10.377 &amp#27;[32m INFO&amp#27;[m &amp#27;[35m[@503 - main]&amp#27;[m &amp#27;[36mcom.shaft.tools.io.ReportManager&amp#27;[m : Initializing Important Links...
2023-01-02 17:54:10.448 &amp#27;[32m INFO&amp#27;[m &amp#27;[35m[@503 - main]&amp#27;[m &amp#27;[36mcom.shaft.tools.io.ReportManager&amp#27;[m : Initializing Custom Properties...
2023-01-02 17:54:10.821 &amp#27;[32m INFO&amp#27;[m &amp#27;[35m[@534 - main]&amp#27;[m &amp#27;[36mcom.shaft.tools.io.ReportManager&amp#27;[m : 
################################################################################################################################################
Starting Execution of a Configuration (Setup or Teardown) Method
Test Method:		"Tests.setUpTestData"
################################################################################################################################################
2023-01-02 17:54:10.875 &amp#27;[32m INFO&amp#27;[m &amp#27;[35m[@534 - main]&amp#27;[m &amp#27;[36mcom.shaft.tools.io.ReportManager&amp#27;[m : 
################################################################################################################################################
Starting Execution of a Configuration (Setup or Teardown) Method
Test Method:		"Tests.setupDevice"
################################################################################################################################################
2023-01-02 17:54:38.147 &amp#27;[32m INFO&amp#27;[m &amp#27;[35m[@534 - main]&amp#27;[m &amp#27;[36mcom.shaft.tools.io.ReportManager&amp#27;[m : 
################################################################################################################################################
Starting Execution of a Configuration (Setup or Teardown) Method
Test Method:		"Tests.standard_userSetupDevice"
################################################################################################################################################
2023-01-02 17:54:46.122 &amp#27;[32m INFO&amp#27;[m &amp#27;[35m[@534 - main]&amp#27;[m &amp#27;[36mcom.shaft.tools.io.ReportManager&amp#27;[m : 
################################################################################################################################################
Starting Execution:	"1 out of 5" test cases in the current suite
Test Method:		"Tests.TC01_testSuccessLogin"
################################################################################################################################################
2023-01-02 17:54:49.969 &amp#27;[32m INFO&amp#27;[m &amp#27;[35m[@503 - main]&amp#27;[m &amp#27;[36mcom.shaft.tools.io.ReportManager&amp#27;[m : Successfully created attachment "SHAFT Engine Logs - Current Method log: TC01_testSuccessLogin"
]]></system-out>
  </testcase>
  <testcase name="TC02_testAddToCart" classname="Tests" time="34.916">
    <failure message="An element could not be located on the page using the given search parameters.&#10;For documentation on this error, please visit: https://selenium.dev/exceptions/#no_such_element&#10;Build info: version: &apos;4.7.2&apos;, revision: &apos;4d4020c3b7&apos;&#10;System info: os.name: &apos;Windows 10&apos;, os.arch: &apos;amd64&apos;, os.version: &apos;10.0&apos;, java.version: &apos;17.0.5&apos;&#10;Driver info: io.appium.java_client.android.AndroidDriver&#10;Command: [8d6d33d7-081a-4f1b-aa6e-537b2c15fdd6, findElement {using=xpath, value=//android.view.ViewGroup[@content-desc=&quot;test-Description&quot;]/android.widget.TextView[1]}]&#10;Capabilities {appium:app: C:\Users\FawzyN\IdeaProject..., appium:appPackage: com.swaglabsmobileapp, appium:appWaitActivity: com.swaglabsmobileapp.MainA..., appium:automationName: UiAutomator2, appium:databaseEnabled: false, appium:desired: {app: C:\Users\FawzyN\IdeaProject..., appWaitActivity: com.swaglabsmobileapp.MainA..., automationName: UiAutomator2, deviceName: Demo, platformName: android, platformVersion: 11}, appium:deviceApiLevel: 30, appium:deviceManufacturer: unknown, appium:deviceModel: Android SDK built for x86, appium:deviceName: emulator-5554, appium:deviceScreenDensity: 400, appium:deviceScreenSize: 1080x2160, appium:deviceUDID: emulator-5554, appium:javascriptEnabled: true, appium:locationContextEnabled: false, appium:networkConnectionEnabled: true, appium:pixelRatio: 2.5, appium:platformVersion: 11, appium:statBarHeight: 60, appium:takesScreenshot: true, appium:viewportRect: {height: 1980, left: 0, top: 60, width: 1080}, appium:warnings: {}, appium:webStorageEnabled: false, platformName: ANDROID}&#10;Session ID: 8d6d33d7-081a-4f1b-aa6e-537b2c15fdd6" type="org.openqa.selenium.NoSuchElementException"><![CDATA[org.openqa.selenium.NoSuchElementException: 
An element could not be located on the page using the given search parameters.
For documentation on this error, please visit: https://selenium.dev/exceptions/#no_such_element
Build info: version: '4.7.2', revision: '4d4020c3b7'
System info: os.name: 'Windows 10', os.arch: 'amd64', os.version: '10.0', java.version: '17.0.5'
Driver info: io.appium.java_client.android.AndroidDriver
Command: [8d6d33d7-081a-4f1b-aa6e-537b2c15fdd6, findElement {using=xpath, value=//android.view.ViewGroup[@content-desc="test-Description"]/android.widget.TextView[1]}]
Capabilities {appium:app: C:\Users\FawzyN\IdeaProject..., appium:appPackage: com.swaglabsmobileapp, appium:appWaitActivity: com.swaglabsmobileapp.MainA..., appium:automationName: UiAutomator2, appium:databaseEnabled: false, appium:desired: {app: C:\Users\FawzyN\IdeaProject..., appWaitActivity: com.swaglabsmobileapp.MainA..., automationName: UiAutomator2, deviceName: Demo, platformName: android, platformVersion: 11}, appium:deviceApiLevel: 30, appium:deviceManufacturer: unknown, appium:deviceModel: Android SDK built for x86, appium:deviceName: emulator-5554, appium:deviceScreenDensity: 400, appium:deviceScreenSize: 1080x2160, appium:deviceUDID: emulator-5554, appium:javascriptEnabled: true, appium:locationContextEnabled: false, appium:networkConnectionEnabled: true, appium:pixelRatio: 2.5, appium:platformVersion: 11, appium:statBarHeight: 60, appium:takesScreenshot: true, appium:viewportRect: {height: 1980, left: 0, top: 60, width: 1080}, appium:warnings: {}, appium:webStorageEnabled: false, platformName: ANDROID}
Session ID: 8d6d33d7-081a-4f1b-aa6e-537b2c15fdd6
	at java.base/jdk.internal.reflect.NativeConstructorAccessorImpl.newInstance0(Native Method)
	at java.base/jdk.internal.reflect.NativeConstructorAccessorImpl.newInstance(NativeConstructorAccessorImpl.java:77)
	at java.base/jdk.internal.reflect.DelegatingConstructorAccessorImpl.newInstance(DelegatingConstructorAccessorImpl.java:45)
	at java.base/java.lang.reflect.Constructor.newInstanceWithCaller(Constructor.java:499)
	at java.base/java.lang.reflect.Constructor.newInstance(Constructor.java:480)
	at org.openqa.selenium.remote.codec.w3c.W3CHttpResponseCodec.createException(W3CHttpResponseCodec.java:200)
	at org.openqa.selenium.remote.codec.w3c.W3CHttpResponseCodec.decode(W3CHttpResponseCodec.java:133)
	at org.openqa.selenium.remote.codec.w3c.W3CHttpResponseCodec.decode(W3CHttpResponseCodec.java:53)
	at org.openqa.selenium.remote.HttpCommandExecutor.execute(HttpCommandExecutor.java:184)
	at io.appium.java_client.remote.AppiumCommandExecutor.execute(AppiumCommandExecutor.java:262)
	at org.openqa.selenium.remote.RemoteWebDriver.execute(RemoteWebDriver.java:535)
	at org.openqa.selenium.remote.ElementLocation$ElementFinder$2.findElement(ElementLocation.java:162)
	at org.openqa.selenium.remote.ElementLocation.findElement(ElementLocation.java:60)
	at org.openqa.selenium.remote.RemoteWebDriver.findElement(RemoteWebDriver.java:351)
	at org.openqa.selenium.remote.RemoteWebDriver.findElement(RemoteWebDriver.java:343)
	at pages.CartPage.getproductName(CartPage.java:35)
	at Tests.TC02_testAddToCart(Tests.java:97)
	at java.base/jdk.internal.reflect.NativeMethodAccessorImpl.invoke0(Native Method)
	at java.base/jdk.internal.reflect.NativeMethodAccessorImpl.invoke(NativeMethodAccessorImpl.java:77)
	at java.base/jdk.internal.reflect.DelegatingMethodAccessorImpl.invoke(DelegatingMethodAccessorImpl.java:43)
	at java.base/java.lang.reflect.Method.invoke(Method.java:568)
	at org.testng.internal.invokers.MethodInvocationHelper.invokeMethod(MethodInvocationHelper.java:139)
	at org.testng.internal.invokers.TestInvoker.invokeMethod(TestInvoker.java:677)
	at org.testng.internal.invokers.TestInvoker.invokeTestMethod(TestInvoker.java:221)
	at org.testng.internal.invokers.MethodRunner.runInSequence(MethodRunner.java:50)
	at org.testng.internal.invokers.TestInvoker$MethodInvocationAgent.invoke(TestInvoker.java:969)
	at org.testng.internal.invokers.TestInvoker.invokeTestMethods(TestInvoker.java:194)
	at org.testng.internal.invokers.TestMethodWorker.invokeTestMethods(TestMethodWorker.java:148)
	at org.testng.internal.invokers.TestMethodWorker.run(TestMethodWorker.java:128)
	at java.base/java.util.ArrayList.forEach(ArrayList.java:1511)
	at org.testng.TestRunner.privateRun(TestRunner.java:829)
	at org.testng.TestRunner.run(TestRunner.java:602)
	at org.testng.SuiteRunner.runTest(SuiteRunner.java:437)
	at org.testng.SuiteRunner.runSequentially(SuiteRunner.java:431)
	at org.testng.SuiteRunner.privateRun(SuiteRunner.java:391)
	at org.testng.SuiteRunner.run(SuiteRunner.java:330)
	at org.testng.SuiteRunnerWorker.runSuite(SuiteRunnerWorker.java:52)
	at org.testng.SuiteRunnerWorker.run(SuiteRunnerWorker.java:95)
	at org.testng.TestNG.runSuitesSequentially(TestNG.java:1256)
	at org.testng.TestNG.runSuitesLocally(TestNG.java:1176)
	at org.testng.TestNG.runSuites(TestNG.java:1099)
	at org.testng.TestNG.run(TestNG.java:1067)
	at org.apache.maven.surefire.testng.TestNGExecutor.run(TestNGExecutor.java:151)
	at org.apache.maven.surefire.testng.TestNGDirectoryTestSuite.executeSingleClass(TestNGDirectoryTestSuite.java:111)
	at org.apache.maven.surefire.testng.TestNGDirectoryTestSuite.execute(TestNGDirectoryTestSuite.java:98)
	at org.apache.maven.surefire.testng.TestNGProvider.invoke(TestNGProvider.java:155)
	at org.apache.maven.surefire.booter.ForkedBooter.runSuitesInProcess(ForkedBooter.java:456)
	at org.apache.maven.surefire.booter.ForkedBooter.execute(ForkedBooter.java:169)
	at org.apache.maven.surefire.booter.ForkedBooter.run(ForkedBooter.java:595)
	at org.apache.maven.surefire.booter.ForkedBooter.main(ForkedBooter.java:581)
]]></failure>
    <system-out><![CDATA[2023-01-02 17:54:50.009 &amp#27;[32m INFO&amp#27;[m &amp#27;[35m[@534 - main]&amp#27;[m &amp#27;[36mcom.shaft.tools.io.ReportManager&amp#27;[m : 
################################################################################################################################################
Starting Execution of a Configuration (Setup or Teardown) Method
Test Method:		"Tests.setupDevice"
################################################################################################################################################
2023-01-02 17:55:22.283 &amp#27;[32m INFO&amp#27;[m &amp#27;[35m[@534 - main]&amp#27;[m &amp#27;[36mcom.shaft.tools.io.ReportManager&amp#27;[m : 
################################################################################################################################################
Starting Execution of a Configuration (Setup or Teardown) Method
Test Method:		"Tests.standard_userSetupDevice"
################################################################################################################################################
2023-01-02 17:55:31.469 &amp#27;[32m INFO&amp#27;[m &amp#27;[35m[@534 - main]&amp#27;[m &amp#27;[36mcom.shaft.tools.io.ReportManager&amp#27;[m : 
################################################################################################################################################
Starting Execution:	"2 out of 5" test cases in the current suite
Test Method:		"Tests.TC02_testAddToCart"
################################################################################################################################################
2023-01-02 17:56:06.329 &amp#27;[32m INFO&amp#27;[m &amp#27;[35m[@503 - main]&amp#27;[m &amp#27;[36mcom.shaft.tools.io.ReportManager&amp#27;[m : Successfully created attachment "SHAFT Engine Logs - Current Method log: TC02_testAddToCart"
]]></system-out>
  </testcase>
  <testcase name="TC03_testRemoveItem" classname="Tests" time="35.323">
    <failure message="An element could not be located on the page using the given search parameters.&#10;For documentation on this error, please visit: https://selenium.dev/exceptions/#no_such_element&#10;Build info: version: &apos;4.7.2&apos;, revision: &apos;4d4020c3b7&apos;&#10;System info: os.name: &apos;Windows 10&apos;, os.arch: &apos;amd64&apos;, os.version: &apos;10.0&apos;, java.version: &apos;17.0.5&apos;&#10;Driver info: io.appium.java_client.android.AndroidDriver&#10;Command: [8e1b395d-d906-42e1-af6d-661fe9fa6577, findElement {using=accessibility id, value=test-REMOVE}]&#10;Capabilities {appium:app: C:\Users\FawzyN\IdeaProject..., appium:appPackage: com.swaglabsmobileapp, appium:appWaitActivity: com.swaglabsmobileapp.MainA..., appium:automationName: UiAutomator2, appium:databaseEnabled: false, appium:desired: {app: C:\Users\FawzyN\IdeaProject..., appWaitActivity: com.swaglabsmobileapp.MainA..., automationName: UiAutomator2, deviceName: Demo, platformName: android, platformVersion: 11}, appium:deviceApiLevel: 30, appium:deviceManufacturer: unknown, appium:deviceModel: Android SDK built for x86, appium:deviceName: emulator-5554, appium:deviceScreenDensity: 400, appium:deviceScreenSize: 1080x2160, appium:deviceUDID: emulator-5554, appium:javascriptEnabled: true, appium:locationContextEnabled: false, appium:networkConnectionEnabled: true, appium:pixelRatio: 2.5, appium:platformVersion: 11, appium:statBarHeight: 60, appium:takesScreenshot: true, appium:viewportRect: {height: 1980, left: 0, top: 60, width: 1080}, appium:warnings: {}, appium:webStorageEnabled: false, platformName: ANDROID}&#10;Session ID: 8e1b395d-d906-42e1-af6d-661fe9fa6577" type="org.openqa.selenium.NoSuchElementException"><![CDATA[org.openqa.selenium.NoSuchElementException: 
An element could not be located on the page using the given search parameters.
For documentation on this error, please visit: https://selenium.dev/exceptions/#no_such_element
Build info: version: '4.7.2', revision: '4d4020c3b7'
System info: os.name: 'Windows 10', os.arch: 'amd64', os.version: '10.0', java.version: '17.0.5'
Driver info: io.appium.java_client.android.AndroidDriver
Command: [8e1b395d-d906-42e1-af6d-661fe9fa6577, findElement {using=accessibility id, value=test-REMOVE}]
Capabilities {appium:app: C:\Users\FawzyN\IdeaProject..., appium:appPackage: com.swaglabsmobileapp, appium:appWaitActivity: com.swaglabsmobileapp.MainA..., appium:automationName: UiAutomator2, appium:databaseEnabled: false, appium:desired: {app: C:\Users\FawzyN\IdeaProject..., appWaitActivity: com.swaglabsmobileapp.MainA..., automationName: UiAutomator2, deviceName: Demo, platformName: android, platformVersion: 11}, appium:deviceApiLevel: 30, appium:deviceManufacturer: unknown, appium:deviceModel: Android SDK built for x86, appium:deviceName: emulator-5554, appium:deviceScreenDensity: 400, appium:deviceScreenSize: 1080x2160, appium:deviceUDID: emulator-5554, appium:javascriptEnabled: true, appium:locationContextEnabled: false, appium:networkConnectionEnabled: true, appium:pixelRatio: 2.5, appium:platformVersion: 11, appium:statBarHeight: 60, appium:takesScreenshot: true, appium:viewportRect: {height: 1980, left: 0, top: 60, width: 1080}, appium:warnings: {}, appium:webStorageEnabled: false, platformName: ANDROID}
Session ID: 8e1b395d-d906-42e1-af6d-661fe9fa6577
	at java.base/jdk.internal.reflect.NativeConstructorAccessorImpl.newInstance0(Native Method)
	at java.base/jdk.internal.reflect.NativeConstructorAccessorImpl.newInstance(NativeConstructorAccessorImpl.java:77)
	at java.base/jdk.internal.reflect.DelegatingConstructorAccessorImpl.newInstance(DelegatingConstructorAccessorImpl.java:45)
	at java.base/java.lang.reflect.Constructor.newInstanceWithCaller(Constructor.java:499)
	at java.base/java.lang.reflect.Constructor.newInstance(Constructor.java:480)
	at org.openqa.selenium.remote.codec.w3c.W3CHttpResponseCodec.createException(W3CHttpResponseCodec.java:200)
	at org.openqa.selenium.remote.codec.w3c.W3CHttpResponseCodec.decode(W3CHttpResponseCodec.java:133)
	at org.openqa.selenium.remote.codec.w3c.W3CHttpResponseCodec.decode(W3CHttpResponseCodec.java:53)
	at org.openqa.selenium.remote.HttpCommandExecutor.execute(HttpCommandExecutor.java:184)
	at io.appium.java_client.remote.AppiumCommandExecutor.execute(AppiumCommandExecutor.java:262)
	at org.openqa.selenium.remote.RemoteWebDriver.execute(RemoteWebDriver.java:535)
	at org.openqa.selenium.remote.ElementLocation$ElementFinder$2.findElement(ElementLocation.java:162)
	at org.openqa.selenium.remote.ElementLocation.findElement(ElementLocation.java:60)
	at org.openqa.selenium.remote.RemoteWebDriver.findElement(RemoteWebDriver.java:351)
	at org.openqa.selenium.remote.RemoteWebDriver.findElement(RemoteWebDriver.java:343)
	at pages.CartPage.clickRemoveBtn(CartPage.java:39)
	at Tests.TC03_testRemoveItem(Tests.java:109)
	at java.base/jdk.internal.reflect.NativeMethodAccessorImpl.invoke0(Native Method)
	at java.base/jdk.internal.reflect.NativeMethodAccessorImpl.invoke(NativeMethodAccessorImpl.java:77)
	at java.base/jdk.internal.reflect.DelegatingMethodAccessorImpl.invoke(DelegatingMethodAccessorImpl.java:43)
	at java.base/java.lang.reflect.Method.invoke(Method.java:568)
	at org.testng.internal.invokers.MethodInvocationHelper.invokeMethod(MethodInvocationHelper.java:139)
	at org.testng.internal.invokers.TestInvoker.invokeMethod(TestInvoker.java:677)
	at org.testng.internal.invokers.TestInvoker.invokeTestMethod(TestInvoker.java:221)
	at org.testng.internal.invokers.MethodRunner.runInSequence(MethodRunner.java:50)
	at org.testng.internal.invokers.TestInvoker$MethodInvocationAgent.invoke(TestInvoker.java:969)
	at org.testng.internal.invokers.TestInvoker.invokeTestMethods(TestInvoker.java:194)
	at org.testng.internal.invokers.TestMethodWorker.invokeTestMethods(TestMethodWorker.java:148)
	at org.testng.internal.invokers.TestMethodWorker.run(TestMethodWorker.java:128)
	at java.base/java.util.ArrayList.forEach(ArrayList.java:1511)
	at org.testng.TestRunner.privateRun(TestRunner.java:829)
	at org.testng.TestRunner.run(TestRunner.java:602)
	at org.testng.SuiteRunner.runTest(SuiteRunner.java:437)
	at org.testng.SuiteRunner.runSequentially(SuiteRunner.java:431)
	at org.testng.SuiteRunner.privateRun(SuiteRunner.java:391)
	at org.testng.SuiteRunner.run(SuiteRunner.java:330)
	at org.testng.SuiteRunnerWorker.runSuite(SuiteRunnerWorker.java:52)
	at org.testng.SuiteRunnerWorker.run(SuiteRunnerWorker.java:95)
	at org.testng.TestNG.runSuitesSequentially(TestNG.java:1256)
	at org.testng.TestNG.runSuitesLocally(TestNG.java:1176)
	at org.testng.TestNG.runSuites(TestNG.java:1099)
	at org.testng.TestNG.run(TestNG.java:1067)
	at org.apache.maven.surefire.testng.TestNGExecutor.run(TestNGExecutor.java:151)
	at org.apache.maven.surefire.testng.TestNGDirectoryTestSuite.executeSingleClass(TestNGDirectoryTestSuite.java:111)
	at org.apache.maven.surefire.testng.TestNGDirectoryTestSuite.execute(TestNGDirectoryTestSuite.java:98)
	at org.apache.maven.surefire.testng.TestNGProvider.invoke(TestNGProvider.java:155)
	at org.apache.maven.surefire.booter.ForkedBooter.runSuitesInProcess(ForkedBooter.java:456)
	at org.apache.maven.surefire.booter.ForkedBooter.execute(ForkedBooter.java:169)
	at org.apache.maven.surefire.booter.ForkedBooter.run(ForkedBooter.java:595)
	at org.apache.maven.surefire.booter.ForkedBooter.main(ForkedBooter.java:581)
]]></failure>
    <system-out><![CDATA[2023-01-02 17:56:06.370 &amp#27;[32m INFO&amp#27;[m &amp#27;[35m[@534 - main]&amp#27;[m &amp#27;[36mcom.shaft.tools.io.ReportManager&amp#27;[m : 
################################################################################################################################################
Starting Execution of a Configuration (Setup or Teardown) Method
Test Method:		"Tests.setupDevice"
################################################################################################################################################
2023-01-02 17:56:38.649 &amp#27;[32m INFO&amp#27;[m &amp#27;[35m[@534 - main]&amp#27;[m &amp#27;[36mcom.shaft.tools.io.ReportManager&amp#27;[m : 
################################################################################################################################################
Starting Execution of a Configuration (Setup or Teardown) Method
Test Method:		"Tests.standard_userSetupDevice"
################################################################################################################################################
2023-01-02 17:56:47.969 &amp#27;[32m INFO&amp#27;[m &amp#27;[35m[@534 - main]&amp#27;[m &amp#27;[36mcom.shaft.tools.io.ReportManager&amp#27;[m : 
################################################################################################################################################
Starting Execution:	"3 out of 5" test cases in the current suite
Test Method:		"Tests.TC03_testRemoveItem"
################################################################################################################################################
2023-01-02 17:57:23.280 &amp#27;[32m INFO&amp#27;[m &amp#27;[35m[@503 - main]&amp#27;[m &amp#27;[36mcom.shaft.tools.io.ReportManager&amp#27;[m : Successfully created attachment "SHAFT Engine Logs - Current Method log: TC03_testRemoveItem"
]]></system-out>
  </testcase>
  <testcase name="TC04_testOnlineShopping" classname="Tests" time="25.575">
    <system-out><![CDATA[2023-01-02 17:57:23.290 &amp#27;[32m INFO&amp#27;[m &amp#27;[35m[@534 - main]&amp#27;[m &amp#27;[36mcom.shaft.tools.io.ReportManager&amp#27;[m : 
################################################################################################################################################
Starting Execution of a Configuration (Setup or Teardown) Method
Test Method:		"Tests.setupDevice"
################################################################################################################################################
2023-01-02 17:57:44.113 &amp#27;[32m INFO&amp#27;[m &amp#27;[35m[@534 - main]&amp#27;[m &amp#27;[36mcom.shaft.tools.io.ReportManager&amp#27;[m : 
################################################################################################################################################
Starting Execution of a Configuration (Setup or Teardown) Method
Test Method:		"Tests.standard_userSetupDevice"
################################################################################################################################################
2023-01-02 17:57:52.145 &amp#27;[32m INFO&amp#27;[m &amp#27;[35m[@534 - main]&amp#27;[m &amp#27;[36mcom.shaft.tools.io.ReportManager&amp#27;[m : 
################################################################################################################################################
Starting Execution:	"4 out of 5" test cases in the current suite
Test Method:		"Tests.TC04_testOnlineShopping"
################################################################################################################################################
2023-01-02 17:58:17.714 &amp#27;[32m INFO&amp#27;[m &amp#27;[35m[@503 - main]&amp#27;[m &amp#27;[36mcom.shaft.tools.io.ReportManager&amp#27;[m : Successfully created attachment "SHAFT Engine Logs - Current Method log: TC04_testOnlineShopping"
]]></system-out>
  </testcase>
  <testcase name="TC05_testInValidLogin" classname="Tests" time="1.438">
    <system-out><![CDATA[2023-01-02 17:58:17.719 &amp#27;[32m INFO&amp#27;[m &amp#27;[35m[@534 - main]&amp#27;[m &amp#27;[36mcom.shaft.tools.io.ReportManager&amp#27;[m : 
################################################################################################################################################
Starting Execution of a Configuration (Setup or Teardown) Method
Test Method:		"Tests.setupDevice"
################################################################################################################################################
2023-01-02 17:58:44.989 &amp#27;[32m INFO&amp#27;[m &amp#27;[35m[@534 - main]&amp#27;[m &amp#27;[36mcom.shaft.tools.io.ReportManager&amp#27;[m : 
################################################################################################################################################
Starting Execution of a Configuration (Setup or Teardown) Method
Test Method:		"Tests.wrong_userSetupDevice"
################################################################################################################################################
2023-01-02 17:58:55.054 &amp#27;[32m INFO&amp#27;[m &amp#27;[35m[@534 - main]&amp#27;[m &amp#27;[36mcom.shaft.tools.io.ReportManager&amp#27;[m : 
################################################################################################################################################
Starting Execution:	"5 out of 5" test cases in the current suite
Test Method:		"Tests.TC05_testInValidLogin"
################################################################################################################################################
2023-01-02 17:58:56.483 &amp#27;[32m INFO&amp#27;[m &amp#27;[35m[@503 - main]&amp#27;[m &amp#27;[36mcom.shaft.tools.io.ReportManager&amp#27;[m : Successfully created attachment "SHAFT Engine Logs - Current Method log: TC05_testInValidLogin"
]]></system-out>
  </testcase>
</testsuite>